# JRE version: Java(TM) SE Runtime Environment (21.0.8+12) (build 21.0.8+12-LTS-250)
# Java VM: Java HotSpot(TM) 64-Bit Server VM (21.0.8+12-LTS-250, mixed mode, sharing, tiered, compressed oops, compressed class ptrs, g1 gc, windows-amd64)
GC Precious Log:
 CardTable entry size: 512
 Card Set container configuration: InlinePtr #cards 5 size 8 Array Of Cards #cards 12 size 40 Howl #buckets 4 coarsen threshold 1843 Howl Bitmap #cards 512 size 80 coarsen threshold 460 Card regions per heap region 1 cards per card region 2048
 CPUs: 8 total, 8 available
 Memory: 7987M
 Large Page Support: Disabled
 NUMA Support: Disabled
 Compressed Oops: Enabled (32-bit)
 Heap Region Size: 1M
 Heap Min Capacity: 8M
 Heap Initial Capacity: 126M
 Heap Max Capacity: 1998M
 Pre-touch: Disabled
 Parallel Workers: 8
 Concurrent Workers: 2
 Concurrent Refinement Workers: 8
 Periodic GC: Disabled
Heap:
 garbage-first heap   total 155648K, used 66337K [0x0000000083200000, 0x0000000100000000)
  region size 1024K, 7 young (7168K), 3 survivors (3072K)
 Metaspace       used 34545K, committed 35776K, reserved 1114112K
  class space    used 3810K, committed 4224K, reserved 1048576K
GC Heap History (20 events):
Event: 9.438 GC heap before
{Heap before GC invocations=3 (full 0):
 garbage-first heap   total 129024K, used 80571K [0x0000000083200000, 0x0000000100000000)
  region size 1024K, 75 young (76800K), 10 survivors (10240K)
 Metaspace       used 18131K, committed 18432K, reserved 1114112K
  class space    used 2026K, committed 2176K, reserved 1048576K
}
Event: 9.455 GC heap after
{Heap after GC invocations=4 (full 0):
 garbage-first heap   total 129024K, used 16403K [0x0000000083200000, 0x0000000100000000)
  region size 1024K, 4 young (4096K), 4 survivors (4096K)
 Metaspace       used 18131K, committed 18432K, reserved 1114112K
  class space    used 2026K, committed 2176K, reserved 1048576K
}
Event: 10.213 GC heap before
{Heap before GC invocations=4 (full 0):
 garbage-first heap   total 129024K, used 46099K [0x0000000083200000, 0x0000000100000000)
  region size 1024K, 27 young (27648K), 4 survivors (4096K)
 Metaspace       used 21153K, committed 21504K, reserved 1114112K
  class space    used 2383K, committed 2560K, reserved 1048576K
}
Event: 10.225 GC heap after
{Heap after GC invocations=5 (full 0):
 garbage-first heap   total 129024K, used 27672K [0x0000000083200000, 0x0000000100000000)
  region size 1024K, 9 young (9216K), 9 survivors (9216K)
 Metaspace       used 21153K, committed 21504K, reserved 1114112K
  class space    used 2383K, committed 2560K, reserved 1048576K
}
Event: 11.944 GC heap before
{Heap before GC invocations=6 (full 0):
 garbage-first heap   total 99328K, used 96280K [0x0000000083200000, 0x0000000100000000)
  region size 1024K, 75 young (76800K), 9 survivors (9216K)
 Metaspace       used 27135K, committed 27520K, reserved 1114112K
  class space    used 3039K, committed 3200K, reserved 1048576K
}
Event: 11.996 GC heap after
{Heap after GC invocations=7 (full 0):
 garbage-first heap   total 121856K, used 41496K [0x0000000083200000, 0x0000000100000000)
  region size 1024K, 10 young (10240K), 10 survivors (10240K)
 Metaspace       used 27135K, committed 27520K, reserved 1114112K
  class space    used 3039K, committed 3200K, reserved 1048576K
}
Event: 13.396 GC heap before
{Heap before GC invocations=7 (full 0):
 garbage-first heap   total 121856K, used 94744K [0x0000000083200000, 0x0000000100000000)
  region size 1024K, 63 young (64512K), 10 survivors (10240K)
 Metaspace       used 29522K, committed 29952K, reserved 1114112K
  class space    used 3268K, committed 3456K, reserved 1048576K
}
Event: 13.427 GC heap after
{Heap after GC invocations=8 (full 0):
 garbage-first heap   total 121856K, used 45568K [0x0000000083200000, 0x0000000100000000)
  region size 1024K, 4 young (4096K), 4 survivors (4096K)
 Metaspace       used 29522K, committed 29952K, reserved 1114112K
  class space    used 3268K, committed 3456K, reserved 1048576K
}
Event: 14.294 GC heap before
{Heap before GC invocations=8 (full 0):
 garbage-first heap   total 121856K, used 99840K [0x0000000083200000, 0x0000000100000000)
  region size 1024K, 57 young (58368K), 4 survivors (4096K)
 Metaspace       used 30443K, committed 30976K, reserved 1114112K
  class space    used 3371K, committed 3584K, reserved 1048576K
}
Event: 14.313 GC heap after
{Heap after GC invocations=9 (full 0):
 garbage-first heap   total 121856K, used 47600K [0x0000000083200000, 0x0000000100000000)
  region size 1024K, 6 young (6144K), 6 survivors (6144K)
 Metaspace       used 30443K, committed 30976K, reserved 1114112K
  class space    used 3371K, committed 3584K, reserved 1048576K
}
Event: 14.948 GC heap before
{Heap before GC invocations=9 (full 0):
 garbage-first heap   total 121856K, used 102896K [0x0000000083200000, 0x0000000100000000)
  region size 1024K, 60 young (61440K), 6 survivors (6144K)
 Metaspace       used 30608K, committed 31104K, reserved 1114112K
  class space    used 3376K, committed 3584K, reserved 1048576K
}
Event: 14.970 GC heap after
{Heap after GC invocations=10 (full 0):
 garbage-first heap   total 121856K, used 49408K [0x0000000083200000, 0x0000000100000000)
  region size 1024K, 4 young (4096K), 4 survivors (4096K)
 Metaspace       used 30608K, committed 31104K, reserved 1114112K
  class space    used 3376K, committed 3584K, reserved 1048576K
}
Event: 15.941 GC heap before
{Heap before GC invocations=10 (full 0):
 garbage-first heap   total 121856K, used 104704K [0x0000000083200000, 0x0000000100000000)
  region size 1024K, 58 young (59392K), 4 survivors (4096K)
 Metaspace       used 32150K, committed 32640K, reserved 1114112K
  class space    used 3581K, committed 3776K, reserved 1048576K
}
Event: 15.961 GC heap after
{Heap after GC invocations=11 (full 0):
 garbage-first heap   total 148480K, used 50432K [0x0000000083200000, 0x0000000100000000)
  region size 1024K, 5 young (5120K), 5 survivors (5120K)
 Metaspace       used 32150K, committed 32640K, reserved 1114112K
  class space    used 3581K, committed 3776K, reserved 1048576K
}
Event: 18.079 GC heap before
{Heap before GC invocations=11 (full 0):
 garbage-first heap   total 148480K, used 135424K [0x0000000083200000, 0x0000000100000000)
  region size 1024K, 81 young (82944K), 5 survivors (5120K)
 Metaspace       used 33264K, committed 33728K, reserved 1114112K
  class space    used 3645K, committed 3840K, reserved 1048576K
}
Event: 18.112 GC heap after
{Heap after GC invocations=12 (full 0):
 garbage-first heap   total 155648K, used 70070K [0x0000000083200000, 0x0000000100000000)
  region size 1024K, 11 young (11264K), 11 survivors (11264K)
 Metaspace       used 33264K, committed 33728K, reserved 1114112K
  class space    used 3645K, committed 3840K, reserved 1048576K
}
Event: 19.679 GC heap before
{Heap before GC invocations=12 (full 0):
 garbage-first heap   total 155648K, used 129462K [0x0000000083200000, 0x0000000100000000)
  region size 1024K, 70 young (71680K), 11 survivors (11264K)
 Metaspace       used 34878K, committed 35392K, reserved 1114112K
  class space    used 3818K, committed 4032K, reserved 1048576K
}
Event: 19.694 GC heap after
{Heap after GC invocations=13 (full 0):
 garbage-first heap   total 155648K, used 69632K [0x0000000083200000, 0x0000000100000000)
  region size 1024K, 4 young (4096K), 4 survivors (4096K)
 Metaspace       used 34878K, committed 35392K, reserved 1114112K
  class space    used 3818K, committed 4032K, reserved 1048576K
}
Event: 21.039 GC heap before
{Heap before GC invocations=13 (full 0):
 garbage-first heap   total 155648K, used 92160K [0x0000000083200000, 0x0000000100000000)
  region size 1024K, 27 young (27648K), 4 survivors (4096K)
 Metaspace       used 36118K, committed 36736K, reserved 1114112K
  class space    used 3974K, committed 4224K, reserved 1048576K
}
Event: 21.044 GC heap after
{Heap after GC invocations=14 (full 0):
 garbage-first heap   total 155648K, used 68385K [0x0000000083200000, 0x0000000100000000)
  region size 1024K, 3 young (3072K), 3 survivors (3072K)
 Metaspace       used 36118K, committed 36736K, reserved 1114112K
  class space    used 3974K, committed 4224K, reserved 1048576K
}

