# JRE version: Java(TM) SE Runtime Environment (21.0.8+12) (build 21.0.8+12-LTS-250)
# Java VM: Java HotSpot(TM) 64-Bit Server VM (21.0.8+12-LTS-250, mixed mode, sharing, tiered, compressed oops, compressed class ptrs, g1 gc, windows-amd64)
GC Precious Log:
 CardTable entry size: 512
 Card Set container configuration: InlinePtr #cards 5 size 8 Array Of Cards #cards 12 size 40 Howl #buckets 4 coarsen threshold 1843 Howl Bitmap #cards 512 size 80 coarsen threshold 460 Card regions per heap region 1 cards per card region 2048
 CPUs: 8 total, 8 available
 Memory: 7987M
 Large Page Support: Disabled
 NUMA Support: Disabled
 Compressed Oops: Enabled (32-bit)
 Heap Region Size: 1M
 Heap Min Capacity: 8M
 Heap Initial Capacity: 126M
 Heap Max Capacity: 1998M
 Pre-touch: Disabled
 Parallel Workers: 8
 Concurrent Workers: 2
 Concurrent Refinement Workers: 8
 Periodic GC: Disabled
Heap:
 garbage-first heap   total 160768K, used 112128K [0x0000000083200000, 0x0000000100000000)
  region size 1024K, 39 young (39936K), 2 survivors (2048K)
 Metaspace       used 45402K, committed 46016K, reserved 1114112K
  class space    used 4990K, committed 5248K, reserved 1048576K
GC Heap History (20 events):
Event: 3.191 GC heap before
{Heap before GC invocations=2 (full 0):
 garbage-first heap   total 129024K, used 80385K [0x0000000083200000, 0x0000000100000000)
  region size 1024K, 75 young (76800K), 2 survivors (2048K)
 Metaspace       used 15868K, committed 16064K, reserved 1114112K
  class space    used 1837K, committed 1920K, reserved 1048576K
}
Event: 3.208 GC heap after
{Heap after GC invocations=3 (full 0):
 garbage-first heap   total 129024K, used 13927K [0x0000000083200000, 0x0000000100000000)
  region size 1024K, 10 young (10240K), 10 survivors (10240K)
 Metaspace       used 15868K, committed 16064K, reserved 1114112K
  class space    used 1837K, committed 1920K, reserved 1048576K
}
Event: 5.197 GC heap before
{Heap before GC invocations=3 (full 0):
 garbage-first heap   total 129024K, used 80487K [0x0000000083200000, 0x0000000100000000)
  region size 1024K, 75 young (76800K), 10 survivors (10240K)
 Metaspace       used 18201K, committed 18496K, reserved 1114112K
  class space    used 2036K, committed 2176K, reserved 1048576K
}
Event: 5.217 GC heap after
{Heap after GC invocations=4 (full 0):
 garbage-first heap   total 129024K, used 17148K [0x0000000083200000, 0x0000000100000000)
  region size 1024K, 4 young (4096K), 4 survivors (4096K)
 Metaspace       used 18201K, committed 18496K, reserved 1114112K
  class space    used 2036K, committed 2176K, reserved 1048576K
}
Event: 5.993 GC heap before
{Heap before GC invocations=4 (full 0):
 garbage-first heap   total 129024K, used 45820K [0x0000000083200000, 0x0000000100000000)
  region size 1024K, 26 young (26624K), 4 survivors (4096K)
 Metaspace       used 21206K, committed 21504K, reserved 1114112K
  class space    used 2395K, committed 2560K, reserved 1048576K
}
Event: 6.003 GC heap after
{Heap after GC invocations=5 (full 0):
 garbage-first heap   total 129024K, used 27909K [0x0000000083200000, 0x0000000100000000)
  region size 1024K, 9 young (9216K), 9 survivors (9216K)
 Metaspace       used 21206K, committed 21504K, reserved 1114112K
  class space    used 2395K, committed 2560K, reserved 1048576K
}
Event: 8.001 GC heap before
{Heap before GC invocations=6 (full 0):
 garbage-first heap   total 99328K, used 96517K [0x0000000083200000, 0x0000000100000000)
  region size 1024K, 75 young (76800K), 9 survivors (9216K)
 Metaspace       used 27118K, committed 27520K, reserved 1114112K
  class space    used 3033K, committed 3200K, reserved 1048576K
}
Event: 8.054 GC heap after
{Heap after GC invocations=7 (full 0):
 garbage-first heap   total 121856K, used 41221K [0x0000000083200000, 0x0000000100000000)
  region size 1024K, 10 young (10240K), 10 survivors (10240K)
 Metaspace       used 27118K, committed 27520K, reserved 1114112K
  class space    used 3033K, committed 3200K, reserved 1048576K
}
Event: 9.694 GC heap before
{Heap before GC invocations=7 (full 0):
 garbage-first heap   total 121856K, used 95493K [0x0000000083200000, 0x0000000100000000)
  region size 1024K, 64 young (65536K), 10 survivors (10240K)
 Metaspace       used 29525K, committed 29888K, reserved 1114112K
  class space    used 3262K, committed 3456K, reserved 1048576K
}
Event: 9.722 GC heap after
{Heap after GC invocations=8 (full 0):
 garbage-first heap   total 121856K, used 45568K [0x0000000083200000, 0x0000000100000000)
  region size 1024K, 4 young (4096K), 4 survivors (4096K)
 Metaspace       used 29525K, committed 29888K, reserved 1114112K
  class space    used 3262K, committed 3456K, reserved 1048576K
}
Event: 10.431 GC heap before
{Heap before GC invocations=8 (full 0):
 garbage-first heap   total 121856K, used 99840K [0x0000000083200000, 0x0000000100000000)
  region size 1024K, 57 young (58368K), 4 survivors (4096K)
 Metaspace       used 30421K, committed 30912K, reserved 1114112K
  class space    used 3364K, committed 3584K, reserved 1048576K
}
Event: 10.448 GC heap after
{Heap after GC invocations=9 (full 0):
 garbage-first heap   total 146432K, used 47616K [0x0000000083200000, 0x0000000100000000)
  region size 1024K, 6 young (6144K), 6 survivors (6144K)
 Metaspace       used 30421K, committed 30912K, reserved 1114112K
  class space    used 3364K, committed 3584K, reserved 1048576K
}
Event: 10.955 GC heap before
{Heap before GC invocations=9 (full 0):
 garbage-first heap   total 146432K, used 120320K [0x0000000083200000, 0x0000000100000000)
  region size 1024K, 77 young (78848K), 6 survivors (6144K)
 Metaspace       used 30630K, committed 31104K, reserved 1114112K
  class space    used 3371K, committed 3584K, reserved 1048576K
}
Event: 10.967 GC heap after
{Heap after GC invocations=10 (full 0):
 garbage-first heap   total 146432K, used 49017K [0x0000000083200000, 0x0000000100000000)
  region size 1024K, 4 young (4096K), 4 survivors (4096K)
 Metaspace       used 30630K, committed 31104K, reserved 1114112K
  class space    used 3371K, committed 3584K, reserved 1048576K
}
Event: 12.653 GC heap before
{Heap before GC invocations=10 (full 0):
 garbage-first heap   total 146432K, used 123769K [0x0000000083200000, 0x0000000100000000)
  region size 1024K, 77 young (78848K), 4 survivors (4096K)
 Metaspace       used 33183K, committed 33728K, reserved 1114112K
  class space    used 3637K, committed 3840K, reserved 1048576K
}
Event: 12.669 GC heap after
{Heap after GC invocations=11 (full 0):
 garbage-first heap   total 146432K, used 51957K [0x0000000083200000, 0x0000000100000000)
  region size 1024K, 7 young (7168K), 7 survivors (7168K)
 Metaspace       used 33183K, committed 33728K, reserved 1114112K
  class space    used 3637K, committed 3840K, reserved 1048576K
}
Event: 13.816 GC heap before
{Heap before GC invocations=11 (full 0):
 garbage-first heap   total 146432K, used 132853K [0x0000000083200000, 0x0000000100000000)
  region size 1024K, 80 young (81920K), 7 survivors (7168K)
 Metaspace       used 33901K, committed 34432K, reserved 1114112K
  class space    used 3721K, committed 3968K, reserved 1048576K
}
Event: 13.846 GC heap after
{Heap after GC invocations=12 (full 0):
 garbage-first heap   total 160768K, used 76636K [0x0000000083200000, 0x0000000100000000)
  region size 1024K, 10 young (10240K), 10 survivors (10240K)
 Metaspace       used 33901K, committed 34432K, reserved 1114112K
  class space    used 3721K, committed 3968K, reserved 1048576K
}
Event: 15.090 GC heap before
{Heap before GC invocations=12 (full 0):
 garbage-first heap   total 160768K, used 113500K [0x0000000083200000, 0x0000000100000000)
  region size 1024K, 47 young (48128K), 10 survivors (10240K)
 Metaspace       used 36242K, committed 36800K, reserved 1114112K
  class space    used 3936K, committed 4224K, reserved 1048576K
}
Event: 15.104 GC heap after
{Heap after GC invocations=13 (full 0):
 garbage-first heap   total 160768K, used 76288K [0x0000000083200000, 0x0000000100000000)
  region size 1024K, 2 young (2048K), 2 survivors (2048K)
 Metaspace       used 36242K, committed 36800K, reserved 1114112K
  class space    used 3936K, committed 4224K, reserved 1048576K
}

